2025-02-25 11:01:34,109 - INFO - Edge WebDriver initialized successfully
2025-02-25 11:01:34,110 - INFO - STEP 1: Starting QAD application via URL protocol...
2025-02-25 11:01:40,661 - INFO - Found 0 existing QAD windows
2025-02-25 11:01:40,661 - INFO - Opening QAD with state ID: d81588f8-246f-42f2-88aa-7aacc9dfb366
2025-02-25 11:01:40,707 - INFO - Successfully navigated to QAD URL: qadsh://browse/invoke?state-id=d81588f8-246f-42f2-88aa-7aacc9dfb366
2025-02-25 11:01:40,710 - INFO - STEP 2: Waiting for protocol dialog to appear...
2025-02-25 11:01:45,711 - INFO - STEP 3: Pressing Tab to focus on Open button...
2025-02-25 11:01:46,765 - INFO - STEP 4: Pressing Enter to click Open...
2025-02-25 11:01:46,817 - INFO - STEP 5: Verifying QAD window appears...
2025-02-25 11:01:57,342 - INFO - SUCCESS: QAD window detected
2025-02-25 11:01:57,342 - INFO - STEP 6: Waiting for QAD login window...
2025-02-25 11:02:12,345 - INFO - STEP 7: Attempting to connect to QAD login window (attempt 1/3)
2025-02-25 11:02:14,053 - INFO - Found window with title pattern: Login
2025-02-25 11:02:14,053 - INFO - STEP 8: Found login window, entering credentials...
2025-02-25 11:02:15,182 - INFO - STEP 9: Username entered, moving to password...
2025-02-25 11:02:17,624 - INFO - STEP 10: Submitting login form...
2025-02-25 11:02:17,676 - INFO - Waiting for main window to appear after login...
2025-02-25 11:02:37,677 - INFO - SUCCESS: Login sequence completed
2025-02-25 11:02:37,677 - INFO - STEP 11: Starting Excel export process...
2025-02-25 11:02:38,854 - INFO - Found 1 QAD windows
2025-02-25 11:02:38,857 - INFO - Found window: aemea62p: 2674 Loznica TRIM [EUR] > 2674 Loznica TRIM (1) - QAD Enterprise Applications 
2025-02-25 11:02:38,858 - INFO - Selected main window: aemea62p: 2674 Loznica TRIM [EUR] > 2674 Loznica TRIM (1) - QAD Enterprise Applications 
2025-02-25 11:02:38,858 - INFO - STEP 12: Looking for export button...
2025-02-25 11:02:38,858 - ERROR - Failed to trigger export: 'UIAWrapper' object has no attribute 'child_window'
2025-02-25 11:02:38,858 - ERROR - Export to Excel failed: 'UIAWrapper' object has no attribute 'child_window'
2025-02-25 11:02:38,858 - ERROR - Automation failed: 'UIAWrapper' object has no attribute 'child_window'
