2025-02-24 13:17:10,050 - INFO - Edge WebDriver initialized successfully
2025-02-24 13:17:10,050 - INFO - STEP 1: Starting QAD application via URL protocol...
2025-02-24 13:17:18,013 - INFO - Found 0 existing QAD windows
2025-02-24 13:17:18,013 - INFO - Opening QAD with state ID: d81588f8-246f-42f2-88aa-7aacc9dfb366
2025-02-24 13:17:18,063 - INFO - Successfully navigated to QAD URL: qadsh://browse/invoke?state-id=d81588f8-246f-42f2-88aa-7aacc9dfb366
2025-02-24 13:17:18,063 - INFO - STEP 2: Waiting for protocol dialog to appear...
2025-02-24 13:17:23,064 - INFO - STEP 3: Pressing Tab to focus on Open button...
2025-02-24 13:17:24,119 - INFO - STEP 4: Pressing Enter to click Open...
2025-02-24 13:17:24,181 - INFO - STEP 5: Verifying QAD window appears...
2025-02-24 13:17:38,058 - INFO - SUCCESS: QAD window detected
2025-02-24 13:17:38,059 - INFO - STEP 6: Waiting for QAD login window...
2025-02-24 13:17:53,060 - INFO - STEP 7: Attempting to connect to QAD login window (attempt 1/3)
2025-02-24 13:17:58,212 - INFO - Found window with title pattern: Login
2025-02-24 13:17:58,212 - INFO - STEP 8: Found login window, entering credentials...
2025-02-24 13:18:00,807 - INFO - STEP 9: Username entered, moving to password...
2025-02-24 13:18:04,413 - INFO - STEP 10: Submitting login form...
2025-02-24 13:18:09,469 - INFO - SUCCESS: Login sequence completed
2025-02-24 13:18:09,473 - INFO - STEP 11: Starting Excel export process...
2025-02-24 13:18:15,116 - INFO - Found 2 QAD windows
2025-02-24 13:18:15,117 - ERROR - Export to Excel failed: Could not find main QAD window
2025-02-24 13:18:15,117 - ERROR - Automation failed: Could not find main QAD window
