2025-02-27 12:57:41,223 - INFO - Starting QAD automation with username: ***
2025-02-27 12:58:13,948 - INFO - Attempting to close 1 QAD processes automatically
2025-02-27 12:58:13,949 - INFO - Terminated process 18748
2025-02-27 12:58:28,514 - INFO - Edge WebDriver initialized successfully
2025-02-27 12:58:28,515 - INFO - STEP 1: Starting QAD application via URL protocol...
2025-02-27 12:58:34,876 - INFO - Found 0 existing QAD windows
2025-02-27 12:58:34,877 - INFO - Opening QAD with state ID: d81588f8-246f-42f2-88aa-7aacc9dfb366
2025-02-27 12:58:34,877 - INFO - Setting up Edge for QAD protocol...
2025-02-27 12:58:39,747 - INFO - Navigating to QAD URL: qadsh://browse/invoke?state-id=d81588f8-246f-42f2-88aa-7aacc9dfb366
2025-02-27 12:58:39,792 - INFO - Successfully navigated to QAD URL
2025-02-27 12:58:39,792 - INFO - STEP 2: Waiting for protocol dialog to appear...
2025-02-27 12:58:44,793 - INFO - Protocol dialog handling attempt 1/3
2025-02-27 12:58:44,793 - INFO - STEP 3: Pressing Tab to focus on Open button...
2025-02-27 12:58:45,846 - INFO - STEP 4: Pressing Enter to click Open...
2025-02-27 12:58:47,899 - INFO - STEP 5: Verifying QAD window appears...
2025-02-27 12:58:57,479 - INFO - SUCCESS: QAD window detected
2025-02-27 12:58:57,480 - INFO - STEP 6: Waiting for QAD login window...
2025-02-27 12:59:12,480 - INFO - STEP 7: Attempting to connect to QAD login window (attempt 1/3)
2025-02-27 12:59:14,762 - INFO - Found window with title pattern: Login
2025-02-27 12:59:14,762 - INFO - STEP 8: Found login window, entering credentials...
2025-02-27 12:59:16,526 - INFO - STEP 9: Username entered, moving to password...
2025-02-27 12:59:18,917 - INFO - STEP 10: Submitting login form...
2025-02-27 12:59:18,968 - INFO - Waiting for main window to appear after login...
2025-02-27 12:59:38,969 - INFO - SUCCESS: Login sequence completed
2025-02-27 12:59:38,971 - INFO - STEP 11: Starting Excel export process...
2025-02-27 12:59:45,018 - ERROR - Export to Excel failed: Process "C:\Program Files (x86)\QAD\QAD Enterprise Applications\container\QAD.Client.exe" not found!
2025-02-27 12:59:45,020 - ERROR - Automation failed: Process "C:\Program Files (x86)\QAD\QAD Enterprise Applications\container\QAD.Client.exe" not found!
