2025-02-24 12:07:19,971 - INFO - Edge WebDriver initialized successfully
2025-02-24 12:07:19,972 - INFO - Starting QAD application...
2025-02-24 12:07:20,722 - INFO - Launched QAD.Applications.exe
2025-02-24 12:07:30,743 - INFO - Attempting to connect to QAD.Client (attempt 1/3)
2025-02-24 12:07:35,164 - INFO - Found window: Login
2025-02-24 12:07:35,395 - INFO - Child element:  (Pane)
2025-02-24 12:07:35,396 - INFO - Child element:  (TitleBar)
2025-02-24 12:07:40,621 - WARNING - Login attempt 1 failed: {'auto_id': 'txtUsername', 'control_type': 'Edit', 'top_level_only': False, 'parent': <uia_element_info.UIAElementInfo - 'Login', WindowsForms10.Window.8.app.0.20f9772_r9_ad1, 1447436>, 'backend': 'uia'}
2025-02-24 12:07:45,622 - INFO - Attempting to connect to QAD.Client (attempt 2/3)
2025-02-24 12:07:48,145 - INFO - Found window: Login
2025-02-24 12:07:48,323 - INFO - Child element:  (Pane)
2025-02-24 12:07:48,324 - INFO - Child element:  (TitleBar)
2025-02-24 12:07:53,729 - WARNING - Login attempt 2 failed: {'auto_id': 'txtUsername', 'control_type': 'Edit', 'top_level_only': False, 'parent': <uia_element_info.UIAElementInfo - 'Login', WindowsForms10.Window.8.app.0.20f9772_r9_ad1, 1447436>, 'backend': 'uia'}
2025-02-24 12:07:58,730 - INFO - Attempting to connect to QAD.Client (attempt 3/3)
2025-02-24 12:08:01,036 - INFO - Found window: Login
2025-02-24 12:08:01,242 - INFO - Child element:  (Pane)
2025-02-24 12:08:01,242 - INFO - Child element:  (TitleBar)
2025-02-24 12:08:06,509 - WARNING - Login attempt 3 failed: {'auto_id': 'txtUsername', 'control_type': 'Edit', 'top_level_only': False, 'parent': <uia_element_info.UIAElementInfo - 'Login', WindowsForms10.Window.8.app.0.20f9772_r9_ad1, 1447436>, 'backend': 'uia'}
2025-02-24 12:08:06,530 - ERROR - Login failed: {'auto_id': 'txtUsername', 'control_type': 'Edit', 'top_level_only': False, 'parent': <uia_element_info.UIAElementInfo - 'Login', WindowsForms10.Window.8.app.0.20f9772_r9_ad1, 1447436>, 'backend': 'uia'}
2025-02-24 12:08:06,547 - ERROR - Automation failed: {'auto_id': 'txtUsername', 'control_type': 'Edit', 'top_level_only': False, 'parent': <uia_element_info.UIAElementInfo - 'Login', WindowsForms10.Window.8.app.0.20f9772_r9_ad1, 1447436>, 'backend': 'uia'}
2025-02-24 12:08:09,905 - INFO - Browser session closed successfully
