2025-03-01 00:19:30,053 - INFO - Edge WebDriver initialized successfully
2025-03-01 00:19:38,582 - INFO - Edge WebDriver initialized successfully
2025-03-01 00:19:38,583 - INFO - STEP 1: Starting QAD application via URL protocol...
2025-03-01 00:19:43,184 - INFO - Found 0 existing QAD windows
2025-03-01 00:19:43,184 - INFO - Opening QAD with state ID: d81588f8-246f-42f2-88aa-7aacc9dfb366
2025-03-01 00:19:43,184 - INFO - Setting up Edge for QAD protocol...
2025-03-01 00:19:43,184 - INFO - Navigating to QAD URL: qadsh://browse/invoke?state-id=d81588f8-246f-42f2-88aa-7aacc9dfb366
2025-03-01 00:19:43,230 - INFO - Successfully navigated to QAD URL
2025-03-01 00:19:43,230 - INFO - STEP 2: Waiting for protocol dialog to appear...
2025-03-01 00:19:48,230 - INFO - Protocol dialog handling attempt 1/3
2025-03-01 00:19:48,231 - INFO - STEP 3: Pressing Tab to focus on Open button...
2025-03-01 00:19:49,292 - INFO - STEP 4: Pressing Enter to click Open...
2025-03-01 00:19:51,346 - INFO - STEP 5: Verifying QAD window appears...
2025-03-01 00:20:21,590 - WARNING - Protocol dialog handling attempt 1 failed, trying again...
2025-03-01 00:20:23,592 - INFO - Protocol dialog handling attempt 2/3
2025-03-01 00:20:23,593 - INFO - STEP 3: Pressing Tab to focus on Open button...
2025-03-01 00:20:24,647 - INFO - STEP 4: Pressing Enter to click Open...
2025-03-01 00:20:26,700 - INFO - Trying Alt+O shortcut...
2025-03-01 00:20:28,855 - INFO - STEP 5: Verifying QAD window appears...
2025-03-01 00:21:00,499 - WARNING - Protocol dialog handling attempt 2 failed, trying again...
2025-03-01 00:21:02,500 - INFO - Protocol dialog handling attempt 3/3
2025-03-01 00:21:02,500 - INFO - STEP 3: Pressing Tab to focus on Open button...
2025-03-01 00:21:03,553 - INFO - STEP 4: Pressing Enter to click Open...
2025-03-01 00:21:05,644 - INFO - Trying Alt+O shortcut...
2025-03-01 00:21:07,804 - INFO - Trying additional key combinations...
2025-03-01 00:21:11,308 - INFO - STEP 5: Verifying QAD window appears...
2025-03-01 00:21:42,206 - ERROR - FAILED: QAD window not detected after protocol handling
2025-03-01 00:21:42,209 - ERROR - Login failed: Failed to handle protocol dialog
2025-03-01 00:21:42,211 - ERROR - Automation failed: Failed to handle protocol dialog
