2025-02-26 18:07:59,400 - INFO - Edge WebDriver initialized successfully
2025-02-26 18:08:15,912 - INFO - Edge WebDriver initialized successfully
2025-02-26 18:08:15,912 - INFO - STEP 1: Starting QAD application via URL protocol...
2025-02-26 18:08:23,099 - INFO - Found 0 existing QAD windows
2025-02-26 18:08:23,099 - INFO - Opening QAD with state ID: d81588f8-246f-42f2-88aa-7aacc9dfb366
2025-02-26 18:08:23,101 - INFO - Setting up Edge for QAD protocol...
2025-02-26 18:08:27,509 - INFO - Navigating to QAD URL: qadsh://browse/invoke?state-id=d81588f8-246f-42f2-88aa-7aacc9dfb366
2025-02-26 18:08:27,565 - INFO - Successfully navigated to QAD URL
2025-02-26 18:08:27,565 - INFO - STEP 2: Waiting for protocol dialog to appear...
2025-02-26 18:08:32,566 - INFO - Protocol dialog handling attempt 1/3
2025-02-26 18:08:32,566 - INFO - STEP 3: Pressing Tab to focus on Open button...
2025-02-26 18:08:33,628 - INFO - STEP 4: Pressing Enter to click Open...
2025-02-26 18:08:34,182 - INFO - STEP 5: Verifying QAD window appears...
2025-02-26 18:09:10,814 - WARNING - Protocol dialog handling attempt 1 failed, trying again...
2025-02-26 18:09:12,815 - INFO - Protocol dialog handling attempt 2/3
2025-02-26 18:09:12,815 - INFO - STEP 3: Pressing Tab to focus on Open button...
2025-02-26 18:09:13,868 - INFO - STEP 4: Pressing Enter to click Open...
2025-02-26 18:09:14,424 - INFO - Trying Alt+O shortcut...
2025-02-26 18:09:15,590 - INFO - STEP 5: Verifying QAD window appears...
2025-02-26 18:09:49,246 - WARNING - Protocol dialog handling attempt 2 failed, trying again...
2025-02-26 18:09:51,246 - INFO - Protocol dialog handling attempt 3/3
2025-02-26 18:09:51,246 - INFO - STEP 3: Pressing Tab to focus on Open button...
2025-02-26 18:09:52,323 - INFO - STEP 4: Pressing Enter to click Open...
2025-02-26 18:09:52,877 - INFO - Trying Alt+O shortcut...
2025-02-26 18:09:54,032 - INFO - Trying mouse click at dialog position...
2025-02-26 18:09:59,494 - ERROR - Error handling protocol dialog: PyAutoGUI fail-safe triggered from mouse moving to a corner of the screen. To disable this fail-safe, set pyautogui.FAILSAFE to False. DISABLING FAIL-SAFE IS NOT RECOMMENDED.
2025-02-26 18:09:59,495 - ERROR - Failed to navigate to URL: Failed to handle protocol dialog
2025-02-26 18:09:59,495 - ERROR - Login failed: Failed to handle protocol dialog
2025-02-26 18:09:59,495 - ERROR - Automation failed: Failed to handle protocol dialog
