2025-02-24 13:19:35,601 - INFO - Edge WebDriver initialized successfully
2025-02-24 13:19:35,601 - INFO - STEP 1: Starting QAD application via URL protocol...
2025-02-24 13:19:43,189 - INFO - Found 0 existing QAD windows
2025-02-24 13:19:43,192 - INFO - Opening QAD with state ID: d81588f8-246f-42f2-88aa-7aacc9dfb366
2025-02-24 13:19:43,233 - INFO - Successfully navigated to QAD URL: qadsh://browse/invoke?state-id=d81588f8-246f-42f2-88aa-7aacc9dfb366
2025-02-24 13:19:43,237 - INFO - STEP 2: Waiting for protocol dialog to appear...
2025-02-24 13:19:48,239 - INFO - STEP 3: Pressing Tab to focus on Open button...
2025-02-24 13:19:49,296 - INFO - STEP 4: Pressing Enter to click Open...
2025-02-24 13:19:49,348 - INFO - STEP 5: Verifying QAD window appears...
2025-02-24 13:20:03,222 - INFO - SUCCESS: QAD window detected
2025-02-24 13:20:03,222 - INFO - STEP 6: Waiting for QAD login window...
2025-02-24 13:20:18,224 - INFO - STEP 7: Attempting to connect to QAD login window (attempt 1/3)
2025-02-24 13:20:23,317 - INFO - Found window with title pattern: Login
2025-02-24 13:20:23,317 - INFO - STEP 8: Found login window, entering credentials...
2025-02-24 13:20:25,960 - INFO - STEP 9: Username entered, moving to password...
2025-02-24 13:20:29,844 - INFO - STEP 10: Submitting login form...
2025-02-24 13:20:29,897 - INFO - Waiting for main window to appear after login...
2025-02-24 13:20:49,898 - INFO - SUCCESS: Login sequence completed
2025-02-24 13:20:49,898 - INFO - STEP 11: Starting Excel export process...
2025-02-24 13:20:54,154 - INFO - Found 1 QAD windows
2025-02-24 13:20:54,158 - WARNING - Error checking window: 'UIAWrapper' object has no attribute 'exists'
2025-02-24 13:20:54,158 - INFO - Main window not found, waiting and trying again...
2025-02-24 13:21:04,925 - ERROR - Export to Excel failed: Could not find main QAD window
2025-02-24 13:21:04,930 - ERROR - Automation failed: Could not find main QAD window
