2025-02-28 09:06:36,808 - INFO - Edge WebDriver initialized successfully
2025-02-28 09:06:47,165 - INFO - Edge WebDriver initialized successfully
2025-02-28 09:06:47,167 - INFO - STEP 1: Starting QAD application via URL protocol...
2025-02-28 09:06:55,845 - INFO - Found 0 existing QAD windows
2025-02-28 09:06:55,845 - INFO - Opening QAD with state ID: d81588f8-246f-42f2-88aa-7aacc9dfb366
2025-02-28 09:06:55,845 - INFO - Setting up Edge for QAD protocol...
2025-02-28 09:06:59,682 - INFO - Navigating to QAD URL: qadsh://browse/invoke?state-id=d81588f8-246f-42f2-88aa-7aacc9dfb366
2025-02-28 09:06:59,712 - INFO - Successfully navigated to QAD URL
2025-02-28 09:06:59,712 - INFO - STEP 2: Waiting for protocol dialog to appear...
2025-02-28 09:07:04,712 - INFO - Protocol dialog handling attempt 1/3
2025-02-28 09:07:04,712 - INFO - STEP 3: Pressing Tab to focus on Open button...
2025-02-28 09:07:05,766 - INFO - STEP 4: Pressing Enter to click Open...
2025-02-28 09:07:07,832 - INFO - STEP 5: Verifying QAD window appears...
2025-02-28 09:07:18,087 - INFO - SUCCESS: QAD window detected
2025-02-28 09:07:18,087 - INFO - STEP 6: Waiting for QAD login window...
2025-02-28 09:07:33,091 - INFO - STEP 7: Attempting to connect to QAD login window (attempt 1/3)
2025-02-28 09:07:37,068 - INFO - Found window with title pattern: Login
2025-02-28 09:07:37,068 - INFO - STEP 8: Found login window, entering credentials...
2025-02-28 09:07:39,733 - INFO - STEP 9: Username entered, moving to password...
2025-02-28 09:07:42,473 - INFO - STEP 10: Submitting login form...
2025-02-28 09:07:42,525 - INFO - Waiting for main window to appear after login...
2025-02-28 09:08:02,523 - INFO - SUCCESS: Login sequence completed
2025-02-28 09:08:02,524 - INFO - STEP 11: Starting Excel export process...
2025-02-28 09:08:04,617 - INFO - Found 1 QAD windows
2025-02-28 09:08:04,618 - INFO - Found window: aemea62p: 2674 Loznica TRIM [EUR] > 2674 Loznica TRIM (1) - QAD Enterprise Applications 
2025-02-28 09:08:04,618 - INFO - Selected main window: aemea62p: 2674 Loznica TRIM [EUR] > 2674 Loznica TRIM (1) - QAD Enterprise Applications 
2025-02-28 09:08:04,618 - INFO - STEP 12: Starting export sequence...
2025-02-28 09:08:06,622 - INFO - Pressing Alt key...
2025-02-28 09:08:07,726 - INFO - Pressing Enter...
2025-02-28 09:08:08,779 - INFO - Pressing Down Arrow and Enter...
2025-02-28 09:08:09,883 - INFO - Pressing Down Arrow and Enter again...
2025-02-28 09:08:09,986 - INFO - Waiting for Excel file to open...
2025-02-28 09:08:14,986 - INFO - SUCCESS: Export sequence completed
