2025-02-25 16:49:28,766 - INFO - Edge WebDriver initialized successfully
2025-02-25 16:49:36,668 - INFO - Edge WebDriver initialized successfully
2025-02-25 16:49:36,672 - INFO - STEP 1: Starting QAD application via URL protocol...
2025-02-25 16:49:43,199 - INFO - Found 0 existing QAD windows
2025-02-25 16:49:43,199 - INFO - Opening QAD with state ID: d81588f8-246f-42f2-88aa-7aacc9dfb366
2025-02-25 16:49:43,199 - INFO - Setting up Edge for QAD protocol...
2025-02-25 16:49:45,290 - INFO - Navigating to QAD URL: qadsh://browse/invoke?state-id=d81588f8-246f-42f2-88aa-7aacc9dfb366
2025-02-25 16:49:45,407 - INFO - Successfully navigated to QAD URL
2025-02-25 16:49:45,408 - INFO - STEP 2: Waiting for protocol dialog to appear...
2025-02-25 16:49:50,408 - INFO - STEP 3: Pressing Tab to focus on Open button...
2025-02-25 16:49:51,471 - INFO - STEP 4: Pressing Enter to click Open...
2025-02-25 16:49:51,537 - INFO - STEP 5: Verifying QAD window appears...
2025-02-25 16:50:04,659 - INFO - SUCCESS: QAD window detected
2025-02-25 16:50:04,660 - INFO - STEP 6: Waiting for QAD login window...
2025-02-25 16:50:19,660 - INFO - STEP 7: Attempting to connect to QAD login window (attempt 1/3)
2025-02-25 16:50:22,130 - INFO - Found window with title pattern: Login
2025-02-25 16:50:22,130 - INFO - STEP 8: Found login window, entering credentials...
2025-02-25 16:50:23,857 - INFO - STEP 9: Username entered, moving to password...
2025-02-25 16:50:27,089 - INFO - STEP 10: Submitting login form...
2025-02-25 16:50:27,145 - INFO - Waiting for main window to appear after login...
2025-02-25 16:50:47,145 - INFO - SUCCESS: Login sequence completed
2025-02-25 16:50:47,147 - INFO - STEP 11: Starting Excel export process...
2025-02-25 16:50:51,986 - INFO - Found 1 QAD windows
2025-02-25 16:50:51,989 - INFO - Found window: aemea62p: 2798 Loznica Foam [EUR] > 2798 Loznica Foam (1) - QAD Enterprise Applications 
2025-02-25 16:50:51,990 - INFO - Selected main window: aemea62p: 2798 Loznica Foam [EUR] > 2798 Loznica Foam (1) - QAD Enterprise Applications 
2025-02-25 16:50:51,990 - INFO - STEP 12: Starting export sequence...
2025-02-25 16:50:53,998 - INFO - Pressing Alt key...
2025-02-25 16:50:55,102 - INFO - Pressing Enter...
2025-02-25 16:50:56,154 - INFO - Pressing Down Arrow and Enter...
2025-02-25 16:50:57,258 - INFO - Pressing Down Arrow and Enter again...
2025-02-25 16:50:57,361 - INFO - Waiting for Excel file to open...
2025-02-25 16:51:02,362 - INFO - SUCCESS: Export sequence completed
