2025-02-28 10:29:16,249 - INFO - Edge WebDriver initialized successfully
2025-02-28 10:29:26,214 - INFO - Edge WebDriver initialized successfully
2025-02-28 10:29:26,214 - INFO - STEP 1: Starting QAD application via URL protocol...
2025-02-28 10:29:32,589 - INFO - Found 1 existing QAD windows
2025-02-28 10:29:32,590 - INFO - Opening QAD with state ID: d81588f8-246f-42f2-88aa-7aacc9dfb366
2025-02-28 10:29:32,590 - INFO - Setting up Edge for QAD protocol...
2025-02-28 10:29:32,590 - INFO - Navigating to QAD URL: qadsh://browse/invoke?state-id=d81588f8-246f-42f2-88aa-7aacc9dfb366
2025-02-28 10:29:32,634 - INFO - Successfully navigated to QAD URL
2025-02-28 10:29:32,634 - INFO - STEP 2: Waiting for protocol dialog to appear...
2025-02-28 10:29:37,635 - INFO - Protocol dialog handling attempt 1/3
2025-02-28 10:29:37,635 - INFO - STEP 3: Pressing Tab to focus on Open button...
2025-02-28 10:29:38,687 - INFO - STEP 4: Pressing Enter to click Open...
2025-02-28 10:29:40,740 - INFO - STEP 5: Verifying QAD window appears...
2025-02-28 10:29:40,861 - INFO - SUCCESS: QAD window detected
2025-02-28 10:29:40,861 - INFO - STEP 6: Waiting for QAD login window...
2025-02-28 10:29:55,871 - INFO - STEP 7: Attempting to connect to QAD login window (attempt 1/3)
2025-02-28 10:29:55,958 - INFO - Found window with title pattern: Login
2025-02-28 10:29:55,958 - INFO - STEP 8: Found login window, entering credentials...
2025-02-28 10:29:57,157 - INFO - Entering username...
2025-02-28 10:29:58,516 - INFO - STEP 9: Username entered, moving to password...
2025-02-28 10:29:59,568 - INFO - Entering password...
2025-02-28 10:30:01,137 - INFO - STEP 10: Submitting login form...
2025-02-28 10:30:01,192 - INFO - Waiting for main window to appear after login...
2025-02-28 10:30:21,193 - INFO - SUCCESS: Login sequence completed
2025-02-28 10:30:21,193 - INFO - STEP 11: Starting Excel export process...
2025-02-28 10:30:23,306 - INFO - Identified new QAD window: aemea62p: 2674 Loznica TRIM [EUR] > 2674 Loznica TRIM (1) - QAD Enterprise Applications 
2025-02-28 10:30:23,310 - INFO - Connected to QAD window: aemea62p: 2674 Loznica TRIM [EUR] > 2674 Loznica TRIM (1) - QAD Enterprise Applications 
2025-02-28 10:30:23,310 - INFO - STEP 12: Starting export sequence...
2025-02-28 10:30:25,484 - INFO - Pressing Alt key...
2025-02-28 10:30:26,588 - INFO - Pressing Enter...
2025-02-28 10:30:27,641 - INFO - Pressing Down Arrow and Enter...
2025-02-28 10:30:28,744 - INFO - Pressing Down Arrow and Enter again...
2025-02-28 10:30:28,948 - INFO - Waiting for Excel file to open...
2025-02-28 10:30:33,948 - INFO - SUCCESS: Export sequence completed
