2025-03-01 00:41:58,997 - INFO - Edge WebDriver initialized successfully
2025-03-01 00:42:09,445 - INFO - Edge WebDriver initialized successfully
2025-03-01 00:42:09,446 - INFO - STEP 1: Starting QAD application via URL protocol...
2025-03-01 00:42:15,107 - INFO - Found 0 existing QAD windows
2025-03-01 00:42:15,107 - INFO - Opening QAD with state ID: d81588f8-246f-42f2-88aa-7aacc9dfb366
2025-03-01 00:42:15,107 - INFO - Setting up Edge for QAD protocol...
2025-03-01 00:42:15,107 - INFO - Navigating to QAD URL: qadsh://browse/invoke?state-id=d81588f8-246f-42f2-88aa-7aacc9dfb366
2025-03-01 00:42:15,164 - INFO - Successfully navigated to QAD URL
2025-03-01 00:42:15,164 - INFO - STEP 2: Handling protocol dialog...
2025-03-01 00:42:20,165 - INFO - STEP 3: Pressing Tab to focus on Open button...
2025-03-01 00:42:21,220 - INFO - STEP 4: Pressing Enter to click Open...
2025-03-01 00:42:26,272 - INFO - STEP 5: Waiting for QAD login window...
2025-03-01 00:42:31,272 - INFO - STEP 6: Entering credentials...
2025-03-01 00:42:31,272 - INFO - Entering username...
2025-03-01 00:42:32,629 - INFO - STEP 7: Username entered, moving to password...
2025-03-01 00:42:33,681 - INFO - Entering password...
2025-03-01 00:42:35,202 - INFO - STEP 8: Submitting login form...
2025-03-01 00:42:35,254 - INFO - Waiting for main window to appear after login...
2025-03-01 00:42:55,253 - INFO - SUCCESS: Login sequence completed
2025-03-01 00:42:55,254 - INFO - STEP 11: Starting Excel export process...
2025-03-01 00:42:55,254 - INFO - Waiting for QAD menu to fully load...
2025-03-01 00:43:15,462 - INFO - Identified new QAD window: aemea62p: 2798 Loznica Foam [EUR] > 2798 Loznica Foam (1) - QAD Enterprise Applications 
2025-03-01 00:43:15,465 - INFO - Connected to QAD window: aemea62p: 2798 Loznica Foam [EUR] > 2798 Loznica Foam (1) - QAD Enterprise Applications 
2025-03-01 00:43:15,466 - INFO - STEP 12: Starting export sequence...
2025-03-01 00:43:17,468 - INFO - Pressing Alt key...
2025-03-01 00:43:18,571 - INFO - Pressing Enter...
2025-03-01 00:43:19,624 - INFO - Pressing Down Arrow and Enter...
2025-03-01 00:43:20,727 - INFO - Pressing Down Arrow and Enter again...
2025-03-01 00:43:20,934 - INFO - Waiting for Excel file to open...
2025-03-01 00:43:25,938 - INFO - SUCCESS: Export sequence completed
