2025-02-24 13:08:28,493 - INFO - Edge WebDriver initialized successfully
2025-02-24 13:08:28,493 - INFO - STEP 1: Starting QAD application via URL protocol...
2025-02-24 13:08:34,859 - INFO - Found 0 existing QAD windows
2025-02-24 13:08:34,859 - INFO - Opening QAD with state ID: d81588f8-246f-42f2-88aa-7aacc9dfb366
2025-02-24 13:08:34,914 - INFO - Successfully navigated to QAD URL: qadsh://browse/invoke?state-id=d81588f8-246f-42f2-88aa-7aacc9dfb366
2025-02-24 13:08:34,914 - INFO - STEP 2: Waiting for protocol dialog to appear...
2025-02-24 13:08:39,916 - INFO - STEP 3: Pressing Tab to focus on Open button...
2025-02-24 13:08:40,973 - INFO - STEP 4: Pressing Enter to click Open...
2025-02-24 13:08:41,026 - INFO - STEP 5: Verifying QAD window appears...
2025-02-24 13:08:52,526 - INFO - SUCCESS: QAD window detected
2025-02-24 13:08:52,526 - INFO - STEP 6: Waiting for QAD login window...
2025-02-24 13:09:07,530 - INFO - STEP 7: Attempting to connect to QAD login window (attempt 1/3)
2025-02-24 13:09:10,400 - WARNING - Login attempt 1 failed: Login window not found
2025-02-24 13:09:15,401 - INFO - STEP 7: Attempting to connect to QAD login window (attempt 2/3)
2025-02-24 13:09:18,122 - WARNING - Login attempt 2 failed: Login window not found
2025-02-24 13:09:23,130 - INFO - STEP 7: Attempting to connect to QAD login window (attempt 3/3)
2025-02-24 13:09:26,209 - WARNING - Login attempt 3 failed: Login window not found
2025-02-24 13:09:26,209 - ERROR - Failed to navigate to URL: Login window not found
2025-02-24 13:09:26,209 - ERROR - Login failed: Login window not found
2025-02-24 13:09:26,219 - ERROR - Automation failed: Login window not found
