2025-03-01 00:30:59,936 - INFO - Edge WebDriver initialized successfully
2025-03-01 00:31:10,440 - INFO - Edge WebDriver initialized successfully
2025-03-01 00:31:10,440 - INFO - STEP 1: Starting QAD application via URL protocol...
2025-03-01 00:31:15,396 - INFO - Found 0 existing QAD windows
2025-03-01 00:31:15,396 - INFO - Opening QAD with state ID: d81588f8-246f-42f2-88aa-7aacc9dfb366
2025-03-01 00:31:15,396 - INFO - Setting up Edge for QAD protocol...
2025-03-01 00:31:15,398 - INFO - Navigating to QAD URL: qadsh://browse/invoke?state-id=d81588f8-246f-42f2-88aa-7aacc9dfb366
2025-03-01 00:31:15,434 - INFO - Successfully navigated to QAD URL
2025-03-01 00:31:15,435 - INFO - STEP 2: Waiting for QAD login window...
2025-03-01 00:31:20,436 - INFO - STEP 3: Entering credentials directly...
2025-03-01 00:31:20,436 - INFO - Entering username...
2025-03-01 00:31:21,793 - INFO - STEP 4: Username entered, moving to password...
2025-03-01 00:31:22,847 - INFO - Entering password...
2025-03-01 00:31:24,358 - INFO - STEP 5: Submitting login form...
2025-03-01 00:31:24,411 - INFO - Waiting for main window to appear after login...
2025-03-01 00:31:44,412 - INFO - SUCCESS: Login sequence completed
2025-03-01 00:31:44,412 - INFO - STEP 11: Starting Excel export process...
2025-03-01 00:31:44,413 - INFO - Waiting for QAD menu to fully load...
2025-03-01 00:32:04,482 - ERROR - Export to Excel failed: No QAD windows found for export
2025-03-01 00:32:04,482 - ERROR - Automation failed: No QAD windows found for export
