2025-02-26 19:13:35,301 - INFO - Edge WebDriver initialized successfully
2025-02-26 19:13:44,943 - INFO - Edge WebDriver initialized successfully
2025-02-26 19:13:44,948 - INFO - STEP 1: Starting QAD application via URL protocol...
2025-02-26 19:13:52,104 - INFO - Found 0 existing QAD windows
2025-02-26 19:13:52,104 - INFO - Opening QAD with state ID: d81588f8-246f-42f2-88aa-7aacc9dfb366
2025-02-26 19:13:52,104 - INFO - Setting up Edge for QAD protocol...
2025-02-26 19:13:54,212 - INFO - Navigating to QAD URL: qadsh://browse/invoke?state-id=d81588f8-246f-42f2-88aa-7aacc9dfb366
2025-02-26 19:13:54,507 - INFO - Successfully navigated to QAD URL
2025-02-26 19:13:54,508 - INFO - STEP 2: Waiting for protocol dialog to appear...
2025-02-26 19:13:59,509 - INFO - Protocol dialog handling attempt 1/3
2025-02-26 19:13:59,509 - INFO - STEP 3: Pressing Tab to focus on Open button...
2025-02-26 19:14:00,563 - INFO - STEP 4: Pressing Enter to click Open...
2025-02-26 19:14:02,630 - INFO - STEP 5: Verifying QAD window appears...
2025-02-26 19:14:12,147 - INFO - SUCCESS: QAD window detected
2025-02-26 19:14:12,148 - INFO - STEP 6: Waiting for QAD login window...
2025-02-26 19:14:27,149 - INFO - STEP 7: Attempting to connect to QAD login window (attempt 1/3)
2025-02-26 19:14:29,523 - INFO - Found window with title pattern: Login
2025-02-26 19:14:29,523 - INFO - STEP 8: Found login window, entering credentials...
2025-02-26 19:14:31,099 - INFO - STEP 9: Username entered, moving to password...
2025-02-26 19:14:33,641 - INFO - STEP 10: Submitting login form...
2025-02-26 19:14:33,693 - INFO - Waiting for main window to appear after login...
2025-02-26 19:14:53,694 - INFO - SUCCESS: Login sequence completed
2025-02-26 19:14:53,694 - INFO - STEP 11: Starting Excel export process...
2025-02-26 19:14:56,985 - INFO - Found 1 QAD windows
2025-02-26 19:14:56,991 - INFO - Found window: aemea62p: 2798 Loznica Foam [EUR] > 2798 Loznica Foam (1) - QAD Enterprise Applications 
2025-02-26 19:14:56,991 - INFO - Selected main window: aemea62p: 2798 Loznica Foam [EUR] > 2798 Loznica Foam (1) - QAD Enterprise Applications 
2025-02-26 19:14:56,991 - INFO - STEP 12: Starting export sequence...
2025-02-26 19:14:58,996 - INFO - Pressing Alt key...
2025-02-26 19:15:00,102 - INFO - Pressing Enter...
2025-02-26 19:15:01,157 - INFO - Pressing Down Arrow and Enter...
2025-02-26 19:15:02,261 - INFO - Pressing Down Arrow and Enter again...
2025-02-26 19:15:02,364 - INFO - Waiting for Excel file to open...
2025-02-26 19:15:07,366 - INFO - SUCCESS: Export sequence completed
