2025-02-24 12:39:52,090 - INFO - Edge WebDriver initialized successfully
2025-02-24 12:39:52,090 - INFO - Starting QAD application via URL protocol...
2025-02-24 12:39:58,019 - INFO - Found 1 existing QAD windows
2025-02-24 12:39:58,020 - INFO - Opening QAD with state ID: d81588f8-246f-42f2-88aa-7aacc9dfb366
2025-02-24 12:39:58,080 - INFO - Navigated to QAD URL: qadsh://browse/invoke?state-id=d81588f8-246f-42f2-88aa-7aacc9dfb366
2025-02-24 12:40:00,082 - INFO - Looking for Edge protocol dialog (attempt 1/5)
2025-02-24 12:40:00,972 - WARNING - Dialog handling attempt 1 failed: There are 2 elements that match the criteria {'title_re': '.*Microsoft.*Edge.*', 'top_level_only': True, 'backend': 'uia', 'enabled_only': False, 'visible_only': False}
2025-02-24 12:40:02,973 - INFO - Looking for Edge protocol dialog (attempt 2/5)
2025-02-24 12:40:03,538 - WARNING - Dialog handling attempt 2 failed: There are 2 elements that match the criteria {'title_re': '.*Microsoft.*Edge.*', 'top_level_only': True, 'backend': 'uia', 'enabled_only': False, 'visible_only': False}
2025-02-24 12:40:05,539 - INFO - Looking for Edge protocol dialog (attempt 3/5)
2025-02-24 12:40:06,126 - WARNING - Dialog handling attempt 3 failed: There are 2 elements that match the criteria {'title_re': '.*Microsoft.*Edge.*', 'top_level_only': True, 'backend': 'uia', 'enabled_only': False, 'visible_only': False}
2025-02-24 12:40:08,127 - INFO - Looking for Edge protocol dialog (attempt 4/5)
2025-02-24 12:40:08,500 - WARNING - Dialog handling attempt 4 failed: There are 2 elements that match the criteria {'title_re': '.*Microsoft.*Edge.*', 'top_level_only': True, 'backend': 'uia', 'enabled_only': False, 'visible_only': False}
2025-02-24 12:40:10,502 - INFO - Looking for Edge protocol dialog (attempt 5/5)
2025-02-24 12:40:10,878 - WARNING - Dialog handling attempt 5 failed: There are 2 elements that match the criteria {'title_re': '.*Microsoft.*Edge.*', 'top_level_only': True, 'backend': 'uia', 'enabled_only': False, 'visible_only': False}
2025-02-24 12:40:10,878 - WARNING - Protocol dialog handling failed: There are 2 elements that match the criteria {'title_re': '.*Microsoft.*Edge.*', 'top_level_only': True, 'backend': 'uia', 'enabled_only': False, 'visible_only': False}
2025-02-24 12:40:20,878 - INFO - Attempting to connect to QAD.Client (attempt 1/3)
2025-02-24 12:40:23,174 - WARNING - Login attempt 1 failed: New QAD window not found
2025-02-24 12:40:28,175 - INFO - Attempting to connect to QAD.Client (attempt 2/3)
2025-02-24 12:40:30,376 - WARNING - Login attempt 2 failed: New QAD window not found
2025-02-24 12:40:35,377 - INFO - Attempting to connect to QAD.Client (attempt 3/3)
2025-02-24 12:40:37,972 - WARNING - Login attempt 3 failed: New QAD window not found
2025-02-24 12:40:37,973 - ERROR - Login failed: New QAD window not found
2025-02-24 12:40:37,974 - ERROR - Automation failed: New QAD window not found
