2025-02-24 13:22:00,566 - INFO - Edge WebDriver initialized successfully
2025-02-24 13:22:00,566 - INFO - STEP 1: Starting QAD application via URL protocol...
2025-02-24 13:22:07,424 - INFO - Found 1 existing QAD windows
2025-02-24 13:22:07,426 - INFO - Opening QAD with state ID: d81588f8-246f-42f2-88aa-7aacc9dfb366
2025-02-24 13:22:07,468 - INFO - Successfully navigated to QAD URL: qadsh://browse/invoke?state-id=d81588f8-246f-42f2-88aa-7aacc9dfb366
2025-02-24 13:22:07,468 - INFO - STEP 2: Waiting for protocol dialog to appear...
2025-02-24 13:22:12,470 - INFO - STEP 3: Pressing Tab to focus on Open button...
2025-02-24 13:22:13,525 - INFO - STEP 4: Pressing Enter to click Open...
2025-02-24 13:22:13,578 - INFO - STEP 5: Verifying QAD window appears...
2025-02-24 13:22:18,681 - INFO - SUCCESS: QAD window detected
2025-02-24 13:22:18,682 - INFO - STEP 6: Waiting for QAD login window...
2025-02-24 13:22:33,683 - INFO - STEP 7: Attempting to connect to QAD login window (attempt 1/3)
2025-02-24 13:22:38,321 - INFO - Found window with title pattern: .*QAD.*
2025-02-24 13:22:38,321 - INFO - STEP 8: Found login window, entering credentials...
2025-02-24 13:23:59,731 - WARNING - Login attempt 1 failed: {'title_re': '.*QAD.*', 'backend': 'uia', 'enabled_only': False, 'visible_only': False, 'process': 27860}
2025-02-24 13:24:04,741 - INFO - STEP 7: Attempting to connect to QAD login window (attempt 2/3)
2025-02-24 13:24:22,211 - INFO - Found window with title pattern: .*Enterprise.*Applications.*
2025-02-24 13:24:22,212 - INFO - STEP 8: Found login window, entering credentials...
2025-02-24 13:25:42,864 - WARNING - Login attempt 2 failed: {'title_re': '.*Enterprise.*Applications.*', 'backend': 'uia', 'enabled_only': False, 'visible_only': False, 'process': 27860}
2025-02-24 13:25:47,868 - INFO - STEP 7: Attempting to connect to QAD login window (attempt 3/3)
2025-02-24 13:26:28,668 - WARNING - Login attempt 3 failed: Login window not found after timeout
2025-02-24 13:26:28,675 - ERROR - Failed to navigate to URL: Login window not found after timeout
2025-02-24 13:26:28,675 - ERROR - Login failed: Login window not found after timeout
2025-02-24 13:26:28,679 - ERROR - Automation failed: Login window not found after timeout
