2025-02-28 10:37:04,467 - INFO - Edge WebDriver initialized successfully
2025-02-28 10:37:14,466 - INFO - Edge WebDriver initialized successfully
2025-02-28 10:37:14,468 - INFO - STEP 1: Starting QAD application via URL protocol...
2025-02-28 10:37:19,025 - INFO - Found 1 existing QAD windows
2025-02-28 10:37:19,026 - INFO - Opening QAD with state ID: d81588f8-246f-42f2-88aa-7aacc9dfb366
2025-02-28 10:37:19,026 - INFO - Setting up Edge for QAD protocol...
2025-02-28 10:37:19,026 - INFO - Navigating to QAD URL: qadsh://browse/invoke?state-id=d81588f8-246f-42f2-88aa-7aacc9dfb366
2025-02-28 10:37:19,066 - INFO - Successfully navigated to QAD URL
2025-02-28 10:37:19,066 - INFO - STEP 2: Waiting for protocol dialog to appear...
2025-02-28 10:37:24,067 - INFO - Protocol dialog handling attempt 1/3
2025-02-28 10:37:24,067 - INFO - STEP 3: Pressing Tab to focus on Open button...
2025-02-28 10:37:25,121 - INFO - STEP 4: Pressing Enter to click Open...
2025-02-28 10:37:27,176 - INFO - STEP 5: Verifying QAD window appears...
2025-02-28 10:37:27,267 - INFO - SUCCESS: QAD window detected
2025-02-28 10:37:27,267 - INFO - STEP 6: Waiting for QAD login window...
2025-02-28 10:37:42,268 - INFO - STEP 7: Attempting to connect to QAD login window (attempt 1/3)
2025-02-28 10:37:42,400 - INFO - Found window with title pattern: Login
2025-02-28 10:37:42,401 - INFO - STEP 8: Found login window, entering credentials...
2025-02-28 10:37:43,588 - INFO - Entering username...
2025-02-28 10:37:44,956 - INFO - STEP 9: Username entered, moving to password...
2025-02-28 10:37:46,007 - INFO - Entering password...
2025-02-28 10:37:47,520 - INFO - STEP 10: Submitting login form...
2025-02-28 10:37:47,571 - INFO - Waiting for main window to appear after login...
2025-02-28 10:38:07,572 - INFO - SUCCESS: Login sequence completed
2025-02-28 10:38:07,572 - INFO - STEP 11: Starting Excel export process...
2025-02-28 10:38:07,572 - INFO - Waiting for QAD menu to fully load...
2025-02-28 10:38:27,703 - INFO - Identified new QAD window: aemea62p: 2674 Loznica TRIM [EUR] > 2674 Loznica TRIM (1) - QAD Enterprise Applications 
2025-02-28 10:38:27,706 - INFO - Connected to QAD window: aemea62p: 2674 Loznica TRIM [EUR] > 2674 Loznica TRIM (1) - QAD Enterprise Applications 
2025-02-28 10:38:27,706 - INFO - STEP 12: Starting export sequence...
2025-02-28 10:38:29,707 - INFO - Pressing Alt key...
2025-02-28 10:38:30,813 - INFO - Pressing Enter...
2025-02-28 10:38:31,865 - INFO - Pressing Down Arrow and Enter...
2025-02-28 10:38:32,969 - INFO - Pressing Down Arrow and Enter again...
2025-02-28 10:38:33,172 - INFO - Waiting for Excel file to open...
2025-02-28 10:38:38,172 - INFO - SUCCESS: Export sequence completed
