2025-03-01 00:25:49,771 - INFO - Edge WebDriver initialized successfully
2025-03-01 00:25:57,451 - INFO - Edge WebDriver initialized successfully
2025-03-01 00:25:57,452 - INFO - STEP 1: Starting QAD application via URL protocol...
2025-03-01 00:26:01,457 - INFO - Found 0 existing QAD windows
2025-03-01 00:26:01,459 - INFO - Opening QAD with state ID: d81588f8-246f-42f2-88aa-7aacc9dfb366
2025-03-01 00:26:01,459 - INFO - Setting up Edge for QAD protocol...
2025-03-01 00:26:01,459 - INFO - Navigating to QAD URL: qadsh://browse/invoke?state-id=d81588f8-246f-42f2-88aa-7aacc9dfb366
2025-03-01 00:26:01,500 - INFO - Successfully navigated to QAD URL
2025-03-01 00:26:01,500 - INFO - STEP 2: Waiting for protocol dialog to appear...
2025-03-01 00:26:06,502 - INFO - Protocol dialog handling attempt 1/3
2025-03-01 00:26:06,502 - INFO - STEP 3: Pressing Tab to focus on Open button...
2025-03-01 00:26:07,557 - INFO - STEP 4: Pressing Enter to click Open...
2025-03-01 00:26:09,612 - INFO - STEP 5: Verifying QAD window appears...
2025-03-01 00:26:40,197 - WARNING - Protocol dialog handling attempt 1 failed, trying again...
2025-03-01 00:26:42,199 - INFO - Protocol dialog handling attempt 2/3
2025-03-01 00:26:42,199 - INFO - STEP 3: Pressing Tab to focus on Open button...
2025-03-01 00:26:43,254 - INFO - STEP 4: Pressing Enter to click Open...
2025-03-01 00:26:45,306 - INFO - Trying Alt+O shortcut...
2025-03-01 00:26:47,463 - INFO - STEP 5: Verifying QAD window appears...
2025-03-01 00:27:18,461 - WARNING - Protocol dialog handling attempt 2 failed, trying again...
2025-03-01 00:27:20,464 - INFO - Protocol dialog handling attempt 3/3
2025-03-01 00:27:20,465 - INFO - STEP 3: Pressing Tab to focus on Open button...
2025-03-01 00:27:21,517 - INFO - STEP 4: Pressing Enter to click Open...
2025-03-01 00:27:23,572 - INFO - Trying Alt+O shortcut...
2025-03-01 00:27:25,736 - INFO - Trying additional key combinations...
2025-03-01 00:27:28,907 - INFO - STEP 5: Verifying QAD window appears...
2025-03-01 00:28:00,400 - ERROR - FAILED: QAD window not detected after protocol handling
2025-03-01 00:28:00,404 - ERROR - Login failed: Failed to handle protocol dialog
2025-03-01 00:28:00,407 - ERROR - Automation failed: Failed to handle protocol dialog
