2025-02-28 10:26:14,906 - INFO - Edge WebDriver initialized successfully
2025-02-28 10:26:29,153 - INFO - Edge WebDriver initialized successfully
2025-02-28 10:26:29,153 - INFO - STEP 1: Starting QAD application via URL protocol...
2025-02-28 10:26:38,833 - INFO - Found 1 existing QAD windows
2025-02-28 10:26:38,834 - INFO - Opening QAD with state ID: d81588f8-246f-42f2-88aa-7aacc9dfb366
2025-02-28 10:26:38,834 - INFO - Setting up Edge for QAD protocol...
2025-02-28 10:26:38,834 - INFO - Navigating to QAD URL: qadsh://browse/invoke?state-id=d81588f8-246f-42f2-88aa-7aacc9dfb366
2025-02-28 10:26:38,899 - INFO - Successfully navigated to QAD URL
2025-02-28 10:26:38,899 - INFO - STEP 2: Waiting for protocol dialog to appear...
2025-02-28 10:26:43,900 - INFO - Protocol dialog handling attempt 1/3
2025-02-28 10:26:43,900 - INFO - STEP 3: Pressing Tab to focus on Open button...
2025-02-28 10:26:44,959 - INFO - STEP 4: Pressing Enter to click Open...
2025-02-28 10:26:47,012 - INFO - STEP 5: Verifying QAD window appears...
2025-02-28 10:26:47,143 - INFO - SUCCESS: QAD window detected
2025-02-28 10:26:47,143 - INFO - STEP 6: Waiting for QAD login window...
2025-02-28 10:27:02,144 - INFO - STEP 7: Attempting to connect to QAD login window (attempt 1/3)
2025-02-28 10:27:31,427 - INFO - Found window with title pattern: Login
2025-02-28 10:27:31,427 - INFO - STEP 8: Found login window, entering credentials...
2025-02-28 10:27:37,013 - ERROR - Login failed: {'class_name': 'Edit', 'control_id': 1, 'top_level_only': False, 'parent': <uia_element_info.UIAElementInfo - 'Login', WindowsForms10.Window.8.app.0.20f9772_r9_ad1, 5050300>, 'backend': 'uia'}
2025-02-28 10:27:37,017 - ERROR - Automation failed: {'class_name': 'Edit', 'control_id': 1, 'top_level_only': False, 'parent': <uia_element_info.UIAElementInfo - 'Login', WindowsForms10.Window.8.app.0.20f9772_r9_ad1, 5050300>, 'backend': 'uia'}
