2025-02-25 14:30:04,346 - INFO - Edge WebDriver initialized successfully
2025-02-25 14:30:12,708 - INFO - Edge WebDriver initialized successfully
2025-02-25 14:30:12,714 - INFO - STEP 1: Starting QAD application via URL protocol...
2025-02-25 14:30:19,162 - INFO - Found 0 existing QAD windows
2025-02-25 14:30:19,165 - INFO - Opening QAD with state ID: d81588f8-246f-42f2-88aa-7aacc9dfb366
2025-02-25 14:30:19,165 - INFO - Setting up Edge for QAD protocol...
2025-02-25 14:30:21,226 - INFO - Navigating to QAD URL: qadsh://browse/invoke?state-id=d81588f8-246f-42f2-88aa-7aacc9dfb366
2025-02-25 14:30:21,261 - INFO - Successfully navigated to QAD URL
2025-02-25 14:30:21,261 - INFO - STEP 2: Waiting for protocol dialog to appear...
2025-02-25 14:30:26,262 - INFO - STEP 3: Pressing Tab to focus on Open button...
2025-02-25 14:30:27,316 - INFO - STEP 4: Pressing Enter to click Open...
2025-02-25 14:30:27,373 - INFO - STEP 5: Verifying QAD window appears...
2025-02-25 14:30:39,269 - INFO - SUCCESS: QAD window detected
2025-02-25 14:30:39,269 - INFO - STEP 6: Waiting for QAD login window...
2025-02-25 14:30:54,271 - INFO - STEP 7: Attempting to connect to QAD login window (attempt 1/3)
2025-02-25 14:30:56,804 - INFO - Found window with title pattern: Login
2025-02-25 14:30:56,804 - INFO - STEP 8: Found login window, entering credentials...
2025-02-25 14:30:59,373 - INFO - STEP 9: Username entered, moving to password...
2025-02-25 14:31:02,114 - INFO - STEP 10: Submitting login form...
2025-02-25 14:31:02,166 - INFO - Waiting for main window to appear after login...
2025-02-25 14:31:22,166 - INFO - SUCCESS: Login sequence completed
2025-02-25 14:31:22,167 - INFO - STEP 11: Starting Excel export process...
2025-02-25 14:31:24,390 - INFO - Found 1 QAD windows
2025-02-25 14:31:24,392 - INFO - Found window: aemea62p: 2674 Loznica TRIM [EUR] > 2674 Loznica TRIM (1) - QAD Enterprise Applications 
2025-02-25 14:31:24,392 - INFO - Selected main window: aemea62p: 2674 Loznica TRIM [EUR] > 2674 Loznica TRIM (1) - QAD Enterprise Applications 
2025-02-25 14:31:24,392 - INFO - STEP 12: Looking for export button...
2025-02-25 14:31:24,393 - INFO - Using keyboard shortcuts for export...
2025-02-25 14:31:25,399 - INFO - Opening Actions menu...
2025-02-25 14:31:26,555 - INFO - Looking for Export option...
2025-02-25 14:31:32,659 - INFO - SUCCESS: Export process completed
